{
  "stats": {
    "suites": 1,
    "tests": 3,
    "passes": 3,
    "pending": 0,
    "failures": 0,
    "start": "2023-10-19T10:19:27.520Z",
    "end": "2023-10-19T10:20:00.939Z",
    "duration": 33419,
    "testsRegistered": 3,
    "passPercent": 100,
    "pendingPercent": 0,
    "other": 0,
    "hasOther": false,
    "skipped": 0,
    "hasSkipped": false
  },
  "results": [
    {
      "uuid": "5e014b02-6f65-4674-b622-ff12f8eecdca",
      "title": "",
      "fullFile": "cypress/e2e/features/propertyfinder.feature",
      "file": "cypress/e2e/features/propertyfinder.feature",
      "beforeHooks": [],
      "afterHooks": [],
      "tests": [],
      "suites": [
        {
          "uuid": "291e04a6-e390-4dc1-9012-07604c468580",
          "title": "As a User, I make sure the Property Finder website work as expected",
          "fullFile": "",
          "file": "",
          "beforeHooks": [],
          "afterHooks": [],
          "tests": [
            {
              "title": "Check the total displayed number of results for category Villas with a price range of less than 300,000 AED / yearly",
              "fullTitle": "As a User, I make sure the Property Finder website work as expected Check the total displayed number of results for category Villas with a price range of less than 300,000 AED / yearly",
              "timedOut": null,
              "duration": 12184,
              "state": "passed",
              "speed": "slow",
              "pass": true,
              "fail": false,
              "pending": false,
              "context": null,
              "code": "const state = window.testState;\nreturn cy\n  .then(() => state.onStartScenario(scenario, indexedSteps))\n  .then(() =>\n    resolveAndRunBeforeHooks.call(this, scenario.tags, state.feature.name)\n  )\n  .then(() =>\n    indexedSteps.forEach((step) =>\n      stepTest.call(this, state, step, rowData)\n    )\n  )\n  .then(() => state.onFinishScenario(scenario));",
              "err": {},
              "uuid": "8900d6c3-0421-4fb7-820b-11771cbc5c99",
              "parentUUID": "291e04a6-e390-4dc1-9012-07604c468580",
              "isHook": false,
              "skipped": false
            },
            {
              "title": "Click on the commercial properties only checkbox and select \"offices\"",
              "fullTitle": "As a User, I make sure the Property Finder website work as expected Click on the commercial properties only checkbox and select \"offices\"",
              "timedOut": null,
              "duration": 8992,
              "state": "passed",
              "speed": "medium",
              "pass": true,
              "fail": false,
              "pending": false,
              "context": null,
              "code": "const state = window.testState;\nreturn cy\n  .then(() => state.onStartScenario(scenario, indexedSteps))\n  .then(() =>\n    resolveAndRunBeforeHooks.call(this, scenario.tags, state.feature.name)\n  )\n  .then(() =>\n    indexedSteps.forEach((step) =>\n      stepTest.call(this, state, step, rowData)\n    )\n  )\n  .then(() => state.onFinishScenario(scenario));",
              "err": {},
              "uuid": "557a3c7a-2c02-498f-8d53-d313879d7bce",
              "parentUUID": "291e04a6-e390-4dc1-9012-07604c468580",
              "isHook": false,
              "skipped": false
            },
            {
              "title": "Search for property by location",
              "fullTitle": "As a User, I make sure the Property Finder website work as expected Search for property by location",
              "timedOut": null,
              "duration": 11923,
              "state": "passed",
              "speed": "slow",
              "pass": true,
              "fail": false,
              "pending": false,
              "context": null,
              "code": "const state = window.testState;\nreturn cy\n  .then(() => state.onStartScenario(scenario, indexedSteps))\n  .then(() =>\n    resolveAndRunBeforeHooks.call(this, scenario.tags, state.feature.name)\n  )\n  .then(() =>\n    indexedSteps.forEach((step) =>\n      stepTest.call(this, state, step, rowData)\n    )\n  )\n  .then(() => state.onFinishScenario(scenario));",
              "err": {},
              "uuid": "7b3a62e0-dac9-4e23-a29d-612d7edcbb36",
              "parentUUID": "291e04a6-e390-4dc1-9012-07604c468580",
              "isHook": false,
              "skipped": false
            }
          ],
          "suites": [],
          "passes": [
            "8900d6c3-0421-4fb7-820b-11771cbc5c99",
            "557a3c7a-2c02-498f-8d53-d313879d7bce",
            "7b3a62e0-dac9-4e23-a29d-612d7edcbb36"
          ],
          "failures": [],
          "pending": [],
          "skipped": [],
          "duration": 33099,
          "root": false,
          "rootEmpty": false,
          "_timeout": 2000
        }
      ],
      "passes": [],
      "failures": [],
      "pending": [],
      "skipped": [],
      "duration": 0,
      "root": true,
      "rootEmpty": true,
      "_timeout": 2000
    }
  ],
  "meta": {
    "mocha": {
      "version": "7.0.1"
    },
    "mochawesome": {
      "options": {
        "quiet": false,
        "reportFilename": "mochawesome",
        "saveHtml": false,
        "saveJson": true,
        "consoleReporter": "spec",
        "useInlineDiffs": false,
        "code": true
      },
      "version": "7.1.3"
    },
    "marge": {
      "options": {
        "overwrite": false,
        "html": false,
        "json": true
      },
      "version": "6.2.0"
    }
  }
}